[21-Dec-2022 19:23:28 UTC] PHP Fatal error:  Uncaught RuntimeException: A facade root has not been set. in /home/h67m70wieezo/test.bsmrstu.net/vendor/laravel/framework/src/Illuminate/Support/Facades/Facade.php:258
Stack trace:
#0 /home/h67m70wieezo/test.bsmrstu.net/vendor/laravel/framework/src/Illuminate/Foundation/Exceptions/RegisterErrorViewPaths.php(18): Illuminate\Support\Facades\Facade::__callStatic('replaceNamespac...', Array)
#1 /home/h67m70wieezo/test.bsmrstu.net/vendor/laravel/framework/src/Illuminate/Foundation/Exceptions/Handler.php(598): Illuminate\Foundation\Exceptions\RegisterErrorViewPaths->__invoke()
#2 /home/h67m70wieezo/test.bsmrstu.net/vendor/laravel/framework/src/Illuminate/Foundation/Exceptions/Handler.php(579): Illuminate\Foundation\Exceptions\Handler->registerErrorViewPaths()
#3 /home/h67m70wieezo/test.bsmrstu.net/vendor/laravel/framework/src/Illuminate/Foundation/Exceptions/Handler.php(490): Illuminate\Foundation\Exceptions\Handler->renderHttpException(Object(Symfony\Component\HttpKernel\Exception\HttpException))
#4 /home/h67m70w in /home/h67m70wieezo/test.bsmrstu.net/vendor/laravel/framework/src/Illuminate/Support/Facades/Facade.php on line 258
[21-Dec-2022 19:23:34 UTC] PHP Fatal error:  Uncaught RuntimeException: A facade root has not been set. in /home/h67m70wieezo/test.bsmrstu.net/vendor/laravel/framework/src/Illuminate/Support/Facades/Facade.php:258
Stack trace:
#0 /home/h67m70wieezo/test.bsmrstu.net/vendor/laravel/framework/src/Illuminate/Foundation/Exceptions/RegisterErrorViewPaths.php(18): Illuminate\Support\Facades\Facade::__callStatic('replaceNamespac...', Array)
#1 /home/h67m70wieezo/test.bsmrstu.net/vendor/laravel/framework/src/Illuminate/Foundation/Exceptions/Handler.php(598): Illuminate\Foundation\Exceptions\RegisterErrorViewPaths->__invoke()
#2 /home/h67m70wieezo/test.bsmrstu.net/vendor/laravel/framework/src/Illuminate/Foundation/Exceptions/Handler.php(579): Illuminate\Foundation\Exceptions\Handler->registerErrorViewPaths()
#3 /home/h67m70wieezo/test.bsmrstu.net/vendor/laravel/framework/src/Illuminate/Foundation/Exceptions/Handler.php(490): Illuminate\Foundation\Exceptions\Handler->renderHttpException(Object(Symfony\Component\HttpKernel\Exception\HttpException))
#4 /home/h67m70w in /home/h67m70wieezo/test.bsmrstu.net/vendor/laravel/framework/src/Illuminate/Support/Facades/Facade.php on line 258
[21-Dec-2022 19:23:37 UTC] PHP Fatal error:  Uncaught RuntimeException: A facade root has not been set. in /home/h67m70wieezo/test.bsmrstu.net/vendor/laravel/framework/src/Illuminate/Support/Facades/Facade.php:258
Stack trace:
#0 /home/h67m70wieezo/test.bsmrstu.net/vendor/laravel/framework/src/Illuminate/Foundation/Exceptions/RegisterErrorViewPaths.php(18): Illuminate\Support\Facades\Facade::__callStatic('replaceNamespac...', Array)
#1 /home/h67m70wieezo/test.bsmrstu.net/vendor/laravel/framework/src/Illuminate/Foundation/Exceptions/Handler.php(598): Illuminate\Foundation\Exceptions\RegisterErrorViewPaths->__invoke()
#2 /home/h67m70wieezo/test.bsmrstu.net/vendor/laravel/framework/src/Illuminate/Foundation/Exceptions/Handler.php(579): Illuminate\Foundation\Exceptions\Handler->registerErrorViewPaths()
#3 /home/h67m70wieezo/test.bsmrstu.net/vendor/laravel/framework/src/Illuminate/Foundation/Exceptions/Handler.php(490): Illuminate\Foundation\Exceptions\Handler->renderHttpException(Object(Symfony\Component\HttpKernel\Exception\HttpException))
#4 /home/h67m70w in /home/h67m70wieezo/test.bsmrstu.net/vendor/laravel/framework/src/Illuminate/Support/Facades/Facade.php on line 258
[21-Dec-2022 19:23:43 UTC] PHP Fatal error:  Uncaught RuntimeException: A facade root has not been set. in /home/h67m70wieezo/test.bsmrstu.net/vendor/laravel/framework/src/Illuminate/Support/Facades/Facade.php:258
Stack trace:
#0 /home/h67m70wieezo/test.bsmrstu.net/vendor/laravel/framework/src/Illuminate/Foundation/Exceptions/RegisterErrorViewPaths.php(18): Illuminate\Support\Facades\Facade::__callStatic('replaceNamespac...', Array)
#1 /home/h67m70wieezo/test.bsmrstu.net/vendor/laravel/framework/src/Illuminate/Foundation/Exceptions/Handler.php(598): Illuminate\Foundation\Exceptions\RegisterErrorViewPaths->__invoke()
#2 /home/h67m70wieezo/test.bsmrstu.net/vendor/laravel/framework/src/Illuminate/Foundation/Exceptions/Handler.php(579): Illuminate\Foundation\Exceptions\Handler->registerErrorViewPaths()
#3 /home/h67m70wieezo/test.bsmrstu.net/vendor/laravel/framework/src/Illuminate/Foundation/Exceptions/Handler.php(490): Illuminate\Foundation\Exceptions\Handler->renderHttpException(Object(Symfony\Component\HttpKernel\Exception\HttpException))
#4 /home/h67m70w in /home/h67m70wieezo/test.bsmrstu.net/vendor/laravel/framework/src/Illuminate/Support/Facades/Facade.php on line 258
[21-Dec-2022 19:23:45 UTC] PHP Fatal error:  Uncaught RuntimeException: A facade root has not been set. in /home/h67m70wieezo/test.bsmrstu.net/vendor/laravel/framework/src/Illuminate/Support/Facades/Facade.php:258
Stack trace:
#0 /home/h67m70wieezo/test.bsmrstu.net/vendor/laravel/framework/src/Illuminate/Foundation/Exceptions/RegisterErrorViewPaths.php(18): Illuminate\Support\Facades\Facade::__callStatic('replaceNamespac...', Array)
#1 /home/h67m70wieezo/test.bsmrstu.net/vendor/laravel/framework/src/Illuminate/Foundation/Exceptions/Handler.php(598): Illuminate\Foundation\Exceptions\RegisterErrorViewPaths->__invoke()
#2 /home/h67m70wieezo/test.bsmrstu.net/vendor/laravel/framework/src/Illuminate/Foundation/Exceptions/Handler.php(579): Illuminate\Foundation\Exceptions\Handler->registerErrorViewPaths()
#3 /home/h67m70wieezo/test.bsmrstu.net/vendor/laravel/framework/src/Illuminate/Foundation/Exceptions/Handler.php(490): Illuminate\Foundation\Exceptions\Handler->renderHttpException(Object(Symfony\Component\HttpKernel\Exception\HttpException))
#4 /home/h67m70w in /home/h67m70wieezo/test.bsmrstu.net/vendor/laravel/framework/src/Illuminate/Support/Facades/Facade.php on line 258
[21-Dec-2022 19:23:45 UTC] PHP Fatal error:  Uncaught RuntimeException: A facade root has not been set. in /home/h67m70wieezo/test.bsmrstu.net/vendor/laravel/framework/src/Illuminate/Support/Facades/Facade.php:258
Stack trace:
#0 /home/h67m70wieezo/test.bsmrstu.net/vendor/laravel/framework/src/Illuminate/Foundation/Exceptions/RegisterErrorViewPaths.php(18): Illuminate\Support\Facades\Facade::__callStatic('replaceNamespac...', Array)
#1 /home/h67m70wieezo/test.bsmrstu.net/vendor/laravel/framework/src/Illuminate/Foundation/Exceptions/Handler.php(598): Illuminate\Foundation\Exceptions\RegisterErrorViewPaths->__invoke()
#2 /home/h67m70wieezo/test.bsmrstu.net/vendor/laravel/framework/src/Illuminate/Foundation/Exceptions/Handler.php(579): Illuminate\Foundation\Exceptions\Handler->registerErrorViewPaths()
#3 /home/h67m70wieezo/test.bsmrstu.net/vendor/laravel/framework/src/Illuminate/Foundation/Exceptions/Handler.php(490): Illuminate\Foundation\Exceptions\Handler->renderHttpException(Object(Symfony\Component\HttpKernel\Exception\HttpException))
#4 /home/h67m70w in /home/h67m70wieezo/test.bsmrstu.net/vendor/laravel/framework/src/Illuminate/Support/Facades/Facade.php on line 258
[21-Dec-2022 19:23:46 UTC] PHP Fatal error:  Uncaught RuntimeException: A facade root has not been set. in /home/h67m70wieezo/test.bsmrstu.net/vendor/laravel/framework/src/Illuminate/Support/Facades/Facade.php:258
Stack trace:
#0 /home/h67m70wieezo/test.bsmrstu.net/vendor/laravel/framework/src/Illuminate/Foundation/Exceptions/RegisterErrorViewPaths.php(18): Illuminate\Support\Facades\Facade::__callStatic('replaceNamespac...', Array)
#1 /home/h67m70wieezo/test.bsmrstu.net/vendor/laravel/framework/src/Illuminate/Foundation/Exceptions/Handler.php(598): Illuminate\Foundation\Exceptions\RegisterErrorViewPaths->__invoke()
#2 /home/h67m70wieezo/test.bsmrstu.net/vendor/laravel/framework/src/Illuminate/Foundation/Exceptions/Handler.php(579): Illuminate\Foundation\Exceptions\Handler->registerErrorViewPaths()
#3 /home/h67m70wieezo/test.bsmrstu.net/vendor/laravel/framework/src/Illuminate/Foundation/Exceptions/Handler.php(490): Illuminate\Foundation\Exceptions\Handler->renderHttpException(Object(Symfony\Component\HttpKernel\Exception\HttpException))
#4 /home/h67m70w in /home/h67m70wieezo/test.bsmrstu.net/vendor/laravel/framework/src/Illuminate/Support/Facades/Facade.php on line 258
[21-Dec-2022 19:23:47 UTC] PHP Fatal error:  Uncaught RuntimeException: A facade root has not been set. in /home/h67m70wieezo/test.bsmrstu.net/vendor/laravel/framework/src/Illuminate/Support/Facades/Facade.php:258
Stack trace:
#0 /home/h67m70wieezo/test.bsmrstu.net/vendor/laravel/framework/src/Illuminate/Foundation/Exceptions/RegisterErrorViewPaths.php(18): Illuminate\Support\Facades\Facade::__callStatic('replaceNamespac...', Array)
#1 /home/h67m70wieezo/test.bsmrstu.net/vendor/laravel/framework/src/Illuminate/Foundation/Exceptions/Handler.php(598): Illuminate\Foundation\Exceptions\RegisterErrorViewPaths->__invoke()
#2 /home/h67m70wieezo/test.bsmrstu.net/vendor/laravel/framework/src/Illuminate/Foundation/Exceptions/Handler.php(579): Illuminate\Foundation\Exceptions\Handler->registerErrorViewPaths()
#3 /home/h67m70wieezo/test.bsmrstu.net/vendor/laravel/framework/src/Illuminate/Foundation/Exceptions/Handler.php(490): Illuminate\Foundation\Exceptions\Handler->renderHttpException(Object(Symfony\Component\HttpKernel\Exception\HttpException))
#4 /home/h67m70w in /home/h67m70wieezo/test.bsmrstu.net/vendor/laravel/framework/src/Illuminate/Support/Facades/Facade.php on line 258
[21-Dec-2022 19:23:47 UTC] PHP Fatal error:  Uncaught RuntimeException: A facade root has not been set. in /home/h67m70wieezo/test.bsmrstu.net/vendor/laravel/framework/src/Illuminate/Support/Facades/Facade.php:258
Stack trace:
#0 /home/h67m70wieezo/test.bsmrstu.net/vendor/laravel/framework/src/Illuminate/Foundation/Exceptions/RegisterErrorViewPaths.php(18): Illuminate\Support\Facades\Facade::__callStatic('replaceNamespac...', Array)
#1 /home/h67m70wieezo/test.bsmrstu.net/vendor/laravel/framework/src/Illuminate/Foundation/Exceptions/Handler.php(598): Illuminate\Foundation\Exceptions\RegisterErrorViewPaths->__invoke()
#2 /home/h67m70wieezo/test.bsmrstu.net/vendor/laravel/framework/src/Illuminate/Foundation/Exceptions/Handler.php(579): Illuminate\Foundation\Exceptions\Handler->registerErrorViewPaths()
#3 /home/h67m70wieezo/test.bsmrstu.net/vendor/laravel/framework/src/Illuminate/Foundation/Exceptions/Handler.php(490): Illuminate\Foundation\Exceptions\Handler->renderHttpException(Object(Symfony\Component\HttpKernel\Exception\HttpException))
#4 /home/h67m70w in /home/h67m70wieezo/test.bsmrstu.net/vendor/laravel/framework/src/Illuminate/Support/Facades/Facade.php on line 258
[21-Dec-2022 19:23:48 UTC] PHP Fatal error:  Uncaught RuntimeException: A facade root has not been set. in /home/h67m70wieezo/test.bsmrstu.net/vendor/laravel/framework/src/Illuminate/Support/Facades/Facade.php:258
Stack trace:
#0 /home/h67m70wieezo/test.bsmrstu.net/vendor/laravel/framework/src/Illuminate/Foundation/Exceptions/RegisterErrorViewPaths.php(18): Illuminate\Support\Facades\Facade::__callStatic('replaceNamespac...', Array)
#1 /home/h67m70wieezo/test.bsmrstu.net/vendor/laravel/framework/src/Illuminate/Foundation/Exceptions/Handler.php(598): Illuminate\Foundation\Exceptions\RegisterErrorViewPaths->__invoke()
#2 /home/h67m70wieezo/test.bsmrstu.net/vendor/laravel/framework/src/Illuminate/Foundation/Exceptions/Handler.php(579): Illuminate\Foundation\Exceptions\Handler->registerErrorViewPaths()
#3 /home/h67m70wieezo/test.bsmrstu.net/vendor/laravel/framework/src/Illuminate/Foundation/Exceptions/Handler.php(490): Illuminate\Foundation\Exceptions\Handler->renderHttpException(Object(Symfony\Component\HttpKernel\Exception\HttpException))
#4 /home/h67m70w in /home/h67m70wieezo/test.bsmrstu.net/vendor/laravel/framework/src/Illuminate/Support/Facades/Facade.php on line 258
[21-Dec-2022 19:23:51 UTC] PHP Fatal error:  Uncaught RuntimeException: A facade root has not been set. in /home/h67m70wieezo/test.bsmrstu.net/vendor/laravel/framework/src/Illuminate/Support/Facades/Facade.php:258
Stack trace:
#0 /home/h67m70wieezo/test.bsmrstu.net/vendor/laravel/framework/src/Illuminate/Foundation/Exceptions/RegisterErrorViewPaths.php(18): Illuminate\Support\Facades\Facade::__callStatic('replaceNamespac...', Array)
#1 /home/h67m70wieezo/test.bsmrstu.net/vendor/laravel/framework/src/Illuminate/Foundation/Exceptions/Handler.php(598): Illuminate\Foundation\Exceptions\RegisterErrorViewPaths->__invoke()
#2 /home/h67m70wieezo/test.bsmrstu.net/vendor/laravel/framework/src/Illuminate/Foundation/Exceptions/Handler.php(579): Illuminate\Foundation\Exceptions\Handler->registerErrorViewPaths()
#3 /home/h67m70wieezo/test.bsmrstu.net/vendor/laravel/framework/src/Illuminate/Foundation/Exceptions/Handler.php(490): Illuminate\Foundation\Exceptions\Handler->renderHttpException(Object(Symfony\Component\HttpKernel\Exception\HttpException))
#4 /home/h67m70w in /home/h67m70wieezo/test.bsmrstu.net/vendor/laravel/framework/src/Illuminate/Support/Facades/Facade.php on line 258
[21-Dec-2022 19:23:54 UTC] PHP Fatal error:  Uncaught RuntimeException: A facade root has not been set. in /home/h67m70wieezo/test.bsmrstu.net/vendor/laravel/framework/src/Illuminate/Support/Facades/Facade.php:258
Stack trace:
#0 /home/h67m70wieezo/test.bsmrstu.net/vendor/laravel/framework/src/Illuminate/Foundation/Exceptions/RegisterErrorViewPaths.php(18): Illuminate\Support\Facades\Facade::__callStatic('replaceNamespac...', Array)
#1 /home/h67m70wieezo/test.bsmrstu.net/vendor/laravel/framework/src/Illuminate/Foundation/Exceptions/Handler.php(598): Illuminate\Foundation\Exceptions\RegisterErrorViewPaths->__invoke()
#2 /home/h67m70wieezo/test.bsmrstu.net/vendor/laravel/framework/src/Illuminate/Foundation/Exceptions/Handler.php(579): Illuminate\Foundation\Exceptions\Handler->registerErrorViewPaths()
#3 /home/h67m70wieezo/test.bsmrstu.net/vendor/laravel/framework/src/Illuminate/Foundation/Exceptions/Handler.php(490): Illuminate\Foundation\Exceptions\Handler->renderHttpException(Object(Symfony\Component\HttpKernel\Exception\HttpException))
#4 /home/h67m70w in /home/h67m70wieezo/test.bsmrstu.net/vendor/laravel/framework/src/Illuminate/Support/Facades/Facade.php on line 258
[21-Dec-2022 19:24:07 UTC] PHP Fatal error:  Uncaught RuntimeException: A facade root has not been set. in /home/h67m70wieezo/test.bsmrstu.net/vendor/laravel/framework/src/Illuminate/Support/Facades/Facade.php:258
Stack trace:
#0 /home/h67m70wieezo/test.bsmrstu.net/vendor/laravel/framework/src/Illuminate/Foundation/Exceptions/RegisterErrorViewPaths.php(18): Illuminate\Support\Facades\Facade::__callStatic('replaceNamespac...', Array)
#1 /home/h67m70wieezo/test.bsmrstu.net/vendor/laravel/framework/src/Illuminate/Foundation/Exceptions/Handler.php(598): Illuminate\Foundation\Exceptions\RegisterErrorViewPaths->__invoke()
#2 /home/h67m70wieezo/test.bsmrstu.net/vendor/laravel/framework/src/Illuminate/Foundation/Exceptions/Handler.php(579): Illuminate\Foundation\Exceptions\Handler->registerErrorViewPaths()
#3 /home/h67m70wieezo/test.bsmrstu.net/vendor/laravel/framework/src/Illuminate/Foundation/Exceptions/Handler.php(490): Illuminate\Foundation\Exceptions\Handler->renderHttpException(Object(Symfony\Component\HttpKernel\Exception\HttpException))
#4 /home/h67m70w in /home/h67m70wieezo/test.bsmrstu.net/vendor/laravel/framework/src/Illuminate/Support/Facades/Facade.php on line 258
[21-Dec-2022 19:24:29 UTC] PHP Fatal error:  Uncaught RuntimeException: A facade root has not been set. in /home/h67m70wieezo/test.bsmrstu.net/vendor/laravel/framework/src/Illuminate/Support/Facades/Facade.php:258
Stack trace:
#0 /home/h67m70wieezo/test.bsmrstu.net/vendor/laravel/framework/src/Illuminate/Foundation/Exceptions/RegisterErrorViewPaths.php(18): Illuminate\Support\Facades\Facade::__callStatic('replaceNamespac...', Array)
#1 /home/h67m70wieezo/test.bsmrstu.net/vendor/laravel/framework/src/Illuminate/Foundation/Exceptions/Handler.php(598): Illuminate\Foundation\Exceptions\RegisterErrorViewPaths->__invoke()
#2 /home/h67m70wieezo/test.bsmrstu.net/vendor/laravel/framework/src/Illuminate/Foundation/Exceptions/Handler.php(579): Illuminate\Foundation\Exceptions\Handler->registerErrorViewPaths()
#3 /home/h67m70wieezo/test.bsmrstu.net/vendor/laravel/framework/src/Illuminate/Foundation/Exceptions/Handler.php(490): Illuminate\Foundation\Exceptions\Handler->renderHttpException(Object(Symfony\Component\HttpKernel\Exception\HttpException))
#4 /home/h67m70w in /home/h67m70wieezo/test.bsmrstu.net/vendor/laravel/framework/src/Illuminate/Support/Facades/Facade.php on line 258
[21-Dec-2022 19:24:30 UTC] PHP Fatal error:  Uncaught RuntimeException: A facade root has not been set. in /home/h67m70wieezo/test.bsmrstu.net/vendor/laravel/framework/src/Illuminate/Support/Facades/Facade.php:258
Stack trace:
#0 /home/h67m70wieezo/test.bsmrstu.net/vendor/laravel/framework/src/Illuminate/Foundation/Exceptions/RegisterErrorViewPaths.php(18): Illuminate\Support\Facades\Facade::__callStatic('replaceNamespac...', Array)
#1 /home/h67m70wieezo/test.bsmrstu.net/vendor/laravel/framework/src/Illuminate/Foundation/Exceptions/Handler.php(598): Illuminate\Foundation\Exceptions\RegisterErrorViewPaths->__invoke()
#2 /home/h67m70wieezo/test.bsmrstu.net/vendor/laravel/framework/src/Illuminate/Foundation/Exceptions/Handler.php(579): Illuminate\Foundation\Exceptions\Handler->registerErrorViewPaths()
#3 /home/h67m70wieezo/test.bsmrstu.net/vendor/laravel/framework/src/Illuminate/Foundation/Exceptions/Handler.php(490): Illuminate\Foundation\Exceptions\Handler->renderHttpException(Object(Symfony\Component\HttpKernel\Exception\HttpException))
#4 /home/h67m70w in /home/h67m70wieezo/test.bsmrstu.net/vendor/laravel/framework/src/Illuminate/Support/Facades/Facade.php on line 258
[21-Dec-2022 19:24:32 UTC] PHP Fatal error:  Uncaught RuntimeException: A facade root has not been set. in /home/h67m70wieezo/test.bsmrstu.net/vendor/laravel/framework/src/Illuminate/Support/Facades/Facade.php:258
Stack trace:
#0 /home/h67m70wieezo/test.bsmrstu.net/vendor/laravel/framework/src/Illuminate/Foundation/Exceptions/RegisterErrorViewPaths.php(18): Illuminate\Support\Facades\Facade::__callStatic('replaceNamespac...', Array)
#1 /home/h67m70wieezo/test.bsmrstu.net/vendor/laravel/framework/src/Illuminate/Foundation/Exceptions/Handler.php(598): Illuminate\Foundation\Exceptions\RegisterErrorViewPaths->__invoke()
#2 /home/h67m70wieezo/test.bsmrstu.net/vendor/laravel/framework/src/Illuminate/Foundation/Exceptions/Handler.php(579): Illuminate\Foundation\Exceptions\Handler->registerErrorViewPaths()
#3 /home/h67m70wieezo/test.bsmrstu.net/vendor/laravel/framework/src/Illuminate/Foundation/Exceptions/Handler.php(490): Illuminate\Foundation\Exceptions\Handler->renderHttpException(Object(Symfony\Component\HttpKernel\Exception\HttpException))
#4 /home/h67m70w in /home/h67m70wieezo/test.bsmrstu.net/vendor/laravel/framework/src/Illuminate/Support/Facades/Facade.php on line 258
[21-Dec-2022 19:24:55 UTC] PHP Fatal error:  Uncaught RuntimeException: A facade root has not been set. in /home/h67m70wieezo/test.bsmrstu.net/vendor/laravel/framework/src/Illuminate/Support/Facades/Facade.php:258
Stack trace:
#0 /home/h67m70wieezo/test.bsmrstu.net/vendor/laravel/framework/src/Illuminate/Foundation/Exceptions/RegisterErrorViewPaths.php(18): Illuminate\Support\Facades\Facade::__callStatic('replaceNamespac...', Array)
#1 /home/h67m70wieezo/test.bsmrstu.net/vendor/laravel/framework/src/Illuminate/Foundation/Exceptions/Handler.php(598): Illuminate\Foundation\Exceptions\RegisterErrorViewPaths->__invoke()
#2 /home/h67m70wieezo/test.bsmrstu.net/vendor/laravel/framework/src/Illuminate/Foundation/Exceptions/Handler.php(579): Illuminate\Foundation\Exceptions\Handler->registerErrorViewPaths()
#3 /home/h67m70wieezo/test.bsmrstu.net/vendor/laravel/framework/src/Illuminate/Foundation/Exceptions/Handler.php(490): Illuminate\Foundation\Exceptions\Handler->renderHttpException(Object(Symfony\Component\HttpKernel\Exception\HttpException))
#4 /home/h67m70w in /home/h67m70wieezo/test.bsmrstu.net/vendor/laravel/framework/src/Illuminate/Support/Facades/Facade.php on line 258
[21-Dec-2022 19:24:56 UTC] PHP Fatal error:  Uncaught RuntimeException: A facade root has not been set. in /home/h67m70wieezo/test.bsmrstu.net/vendor/laravel/framework/src/Illuminate/Support/Facades/Facade.php:258
Stack trace:
#0 /home/h67m70wieezo/test.bsmrstu.net/vendor/laravel/framework/src/Illuminate/Foundation/Exceptions/RegisterErrorViewPaths.php(18): Illuminate\Support\Facades\Facade::__callStatic('replaceNamespac...', Array)
#1 /home/h67m70wieezo/test.bsmrstu.net/vendor/laravel/framework/src/Illuminate/Foundation/Exceptions/Handler.php(598): Illuminate\Foundation\Exceptions\RegisterErrorViewPaths->__invoke()
#2 /home/h67m70wieezo/test.bsmrstu.net/vendor/laravel/framework/src/Illuminate/Foundation/Exceptions/Handler.php(579): Illuminate\Foundation\Exceptions\Handler->registerErrorViewPaths()
#3 /home/h67m70wieezo/test.bsmrstu.net/vendor/laravel/framework/src/Illuminate/Foundation/Exceptions/Handler.php(490): Illuminate\Foundation\Exceptions\Handler->renderHttpException(Object(Symfony\Component\HttpKernel\Exception\HttpException))
#4 /home/h67m70w in /home/h67m70wieezo/test.bsmrstu.net/vendor/laravel/framework/src/Illuminate/Support/Facades/Facade.php on line 258
[21-Dec-2022 19:24:57 UTC] PHP Fatal error:  Uncaught RuntimeException: A facade root has not been set. in /home/h67m70wieezo/test.bsmrstu.net/vendor/laravel/framework/src/Illuminate/Support/Facades/Facade.php:258
Stack trace:
#0 /home/h67m70wieezo/test.bsmrstu.net/vendor/laravel/framework/src/Illuminate/Foundation/Exceptions/RegisterErrorViewPaths.php(18): Illuminate\Support\Facades\Facade::__callStatic('replaceNamespac...', Array)
#1 /home/h67m70wieezo/test.bsmrstu.net/vendor/laravel/framework/src/Illuminate/Foundation/Exceptions/Handler.php(598): Illuminate\Foundation\Exceptions\RegisterErrorViewPaths->__invoke()
#2 /home/h67m70wieezo/test.bsmrstu.net/vendor/laravel/framework/src/Illuminate/Foundation/Exceptions/Handler.php(579): Illuminate\Foundation\Exceptions\Handler->registerErrorViewPaths()
#3 /home/h67m70wieezo/test.bsmrstu.net/vendor/laravel/framework/src/Illuminate/Foundation/Exceptions/Handler.php(490): Illuminate\Foundation\Exceptions\Handler->renderHttpException(Object(Symfony\Component\HttpKernel\Exception\HttpException))
#4 /home/h67m70w in /home/h67m70wieezo/test.bsmrstu.net/vendor/laravel/framework/src/Illuminate/Support/Facades/Facade.php on line 258
[21-Dec-2022 19:24:58 UTC] PHP Fatal error:  Uncaught RuntimeException: A facade root has not been set. in /home/h67m70wieezo/test.bsmrstu.net/vendor/laravel/framework/src/Illuminate/Support/Facades/Facade.php:258
Stack trace:
#0 /home/h67m70wieezo/test.bsmrstu.net/vendor/laravel/framework/src/Illuminate/Foundation/Exceptions/RegisterErrorViewPaths.php(18): Illuminate\Support\Facades\Facade::__callStatic('replaceNamespac...', Array)
#1 /home/h67m70wieezo/test.bsmrstu.net/vendor/laravel/framework/src/Illuminate/Foundation/Exceptions/Handler.php(598): Illuminate\Foundation\Exceptions\RegisterErrorViewPaths->__invoke()
#2 /home/h67m70wieezo/test.bsmrstu.net/vendor/laravel/framework/src/Illuminate/Foundation/Exceptions/Handler.php(579): Illuminate\Foundation\Exceptions\Handler->registerErrorViewPaths()
#3 /home/h67m70wieezo/test.bsmrstu.net/vendor/laravel/framework/src/Illuminate/Foundation/Exceptions/Handler.php(490): Illuminate\Foundation\Exceptions\Handler->renderHttpException(Object(Symfony\Component\HttpKernel\Exception\HttpException))
#4 /home/h67m70w in /home/h67m70wieezo/test.bsmrstu.net/vendor/laravel/framework/src/Illuminate/Support/Facades/Facade.php on line 258
[21-Dec-2022 19:24:59 UTC] PHP Fatal error:  Uncaught RuntimeException: A facade root has not been set. in /home/h67m70wieezo/test.bsmrstu.net/vendor/laravel/framework/src/Illuminate/Support/Facades/Facade.php:258
Stack trace:
#0 /home/h67m70wieezo/test.bsmrstu.net/vendor/laravel/framework/src/Illuminate/Foundation/Exceptions/RegisterErrorViewPaths.php(18): Illuminate\Support\Facades\Facade::__callStatic('replaceNamespac...', Array)
#1 /home/h67m70wieezo/test.bsmrstu.net/vendor/laravel/framework/src/Illuminate/Foundation/Exceptions/Handler.php(598): Illuminate\Foundation\Exceptions\RegisterErrorViewPaths->__invoke()
#2 /home/h67m70wieezo/test.bsmrstu.net/vendor/laravel/framework/src/Illuminate/Foundation/Exceptions/Handler.php(579): Illuminate\Foundation\Exceptions\Handler->registerErrorViewPaths()
#3 /home/h67m70wieezo/test.bsmrstu.net/vendor/laravel/framework/src/Illuminate/Foundation/Exceptions/Handler.php(490): Illuminate\Foundation\Exceptions\Handler->renderHttpException(Object(Symfony\Component\HttpKernel\Exception\HttpException))
#4 /home/h67m70w in /home/h67m70wieezo/test.bsmrstu.net/vendor/laravel/framework/src/Illuminate/Support/Facades/Facade.php on line 258
[21-Dec-2022 19:26:29 UTC] PHP Fatal error:  Uncaught RuntimeException: A facade root has not been set. in /home/h67m70wieezo/test.bsmrstu.net/vendor/laravel/framework/src/Illuminate/Support/Facades/Facade.php:258
Stack trace:
#0 /home/h67m70wieezo/test.bsmrstu.net/vendor/laravel/framework/src/Illuminate/Foundation/Exceptions/RegisterErrorViewPaths.php(18): Illuminate\Support\Facades\Facade::__callStatic('replaceNamespac...', Array)
#1 /home/h67m70wieezo/test.bsmrstu.net/vendor/laravel/framework/src/Illuminate/Foundation/Exceptions/Handler.php(598): Illuminate\Foundation\Exceptions\RegisterErrorViewPaths->__invoke()
#2 /home/h67m70wieezo/test.bsmrstu.net/vendor/laravel/framework/src/Illuminate/Foundation/Exceptions/Handler.php(579): Illuminate\Foundation\Exceptions\Handler->registerErrorViewPaths()
#3 /home/h67m70wieezo/test.bsmrstu.net/vendor/laravel/framework/src/Illuminate/Foundation/Exceptions/Handler.php(490): Illuminate\Foundation\Exceptions\Handler->renderHttpException(Object(Symfony\Component\HttpKernel\Exception\HttpException))
#4 /home/h67m70w in /home/h67m70wieezo/test.bsmrstu.net/vendor/laravel/framework/src/Illuminate/Support/Facades/Facade.php on line 258
[21-Dec-2022 19:26:31 UTC] PHP Fatal error:  Uncaught RuntimeException: A facade root has not been set. in /home/h67m70wieezo/test.bsmrstu.net/vendor/laravel/framework/src/Illuminate/Support/Facades/Facade.php:258
Stack trace:
#0 /home/h67m70wieezo/test.bsmrstu.net/vendor/laravel/framework/src/Illuminate/Foundation/Exceptions/RegisterErrorViewPaths.php(18): Illuminate\Support\Facades\Facade::__callStatic('replaceNamespac...', Array)
#1 /home/h67m70wieezo/test.bsmrstu.net/vendor/laravel/framework/src/Illuminate/Foundation/Exceptions/Handler.php(598): Illuminate\Foundation\Exceptions\RegisterErrorViewPaths->__invoke()
#2 /home/h67m70wieezo/test.bsmrstu.net/vendor/laravel/framework/src/Illuminate/Foundation/Exceptions/Handler.php(579): Illuminate\Foundation\Exceptions\Handler->registerErrorViewPaths()
#3 /home/h67m70wieezo/test.bsmrstu.net/vendor/laravel/framework/src/Illuminate/Foundation/Exceptions/Handler.php(490): Illuminate\Foundation\Exceptions\Handler->renderHttpException(Object(Symfony\Component\HttpKernel\Exception\HttpException))
#4 /home/h67m70w in /home/h67m70wieezo/test.bsmrstu.net/vendor/laravel/framework/src/Illuminate/Support/Facades/Facade.php on line 258
[21-Dec-2022 19:26:32 UTC] PHP Fatal error:  Uncaught RuntimeException: A facade root has not been set. in /home/h67m70wieezo/test.bsmrstu.net/vendor/laravel/framework/src/Illuminate/Support/Facades/Facade.php:258
Stack trace:
#0 /home/h67m70wieezo/test.bsmrstu.net/vendor/laravel/framework/src/Illuminate/Foundation/Exceptions/RegisterErrorViewPaths.php(18): Illuminate\Support\Facades\Facade::__callStatic('replaceNamespac...', Array)
#1 /home/h67m70wieezo/test.bsmrstu.net/vendor/laravel/framework/src/Illuminate/Foundation/Exceptions/Handler.php(598): Illuminate\Foundation\Exceptions\RegisterErrorViewPaths->__invoke()
#2 /home/h67m70wieezo/test.bsmrstu.net/vendor/laravel/framework/src/Illuminate/Foundation/Exceptions/Handler.php(579): Illuminate\Foundation\Exceptions\Handler->registerErrorViewPaths()
#3 /home/h67m70wieezo/test.bsmrstu.net/vendor/laravel/framework/src/Illuminate/Foundation/Exceptions/Handler.php(490): Illuminate\Foundation\Exceptions\Handler->renderHttpException(Object(Symfony\Component\HttpKernel\Exception\HttpException))
#4 /home/h67m70w in /home/h67m70wieezo/test.bsmrstu.net/vendor/laravel/framework/src/Illuminate/Support/Facades/Facade.php on line 258
[21-Dec-2022 19:26:33 UTC] PHP Fatal error:  Uncaught RuntimeException: A facade root has not been set. in /home/h67m70wieezo/test.bsmrstu.net/vendor/laravel/framework/src/Illuminate/Support/Facades/Facade.php:258
Stack trace:
#0 /home/h67m70wieezo/test.bsmrstu.net/vendor/laravel/framework/src/Illuminate/Foundation/Exceptions/RegisterErrorViewPaths.php(18): Illuminate\Support\Facades\Facade::__callStatic('replaceNamespac...', Array)
#1 /home/h67m70wieezo/test.bsmrstu.net/vendor/laravel/framework/src/Illuminate/Foundation/Exceptions/Handler.php(598): Illuminate\Foundation\Exceptions\RegisterErrorViewPaths->__invoke()
#2 /home/h67m70wieezo/test.bsmrstu.net/vendor/laravel/framework/src/Illuminate/Foundation/Exceptions/Handler.php(579): Illuminate\Foundation\Exceptions\Handler->registerErrorViewPaths()
#3 /home/h67m70wieezo/test.bsmrstu.net/vendor/laravel/framework/src/Illuminate/Foundation/Exceptions/Handler.php(490): Illuminate\Foundation\Exceptions\Handler->renderHttpException(Object(Symfony\Component\HttpKernel\Exception\HttpException))
#4 /home/h67m70w in /home/h67m70wieezo/test.bsmrstu.net/vendor/laravel/framework/src/Illuminate/Support/Facades/Facade.php on line 258
[21-Dec-2022 19:26:34 UTC] PHP Fatal error:  Uncaught RuntimeException: A facade root has not been set. in /home/h67m70wieezo/test.bsmrstu.net/vendor/laravel/framework/src/Illuminate/Support/Facades/Facade.php:258
Stack trace:
#0 /home/h67m70wieezo/test.bsmrstu.net/vendor/laravel/framework/src/Illuminate/Foundation/Exceptions/RegisterErrorViewPaths.php(18): Illuminate\Support\Facades\Facade::__callStatic('replaceNamespac...', Array)
#1 /home/h67m70wieezo/test.bsmrstu.net/vendor/laravel/framework/src/Illuminate/Foundation/Exceptions/Handler.php(598): Illuminate\Foundation\Exceptions\RegisterErrorViewPaths->__invoke()
#2 /home/h67m70wieezo/test.bsmrstu.net/vendor/laravel/framework/src/Illuminate/Foundation/Exceptions/Handler.php(579): Illuminate\Foundation\Exceptions\Handler->registerErrorViewPaths()
#3 /home/h67m70wieezo/test.bsmrstu.net/vendor/laravel/framework/src/Illuminate/Foundation/Exceptions/Handler.php(490): Illuminate\Foundation\Exceptions\Handler->renderHttpException(Object(Symfony\Component\HttpKernel\Exception\HttpException))
#4 /home/h67m70w in /home/h67m70wieezo/test.bsmrstu.net/vendor/laravel/framework/src/Illuminate/Support/Facades/Facade.php on line 258
[21-Dec-2022 19:26:35 UTC] PHP Fatal error:  Uncaught RuntimeException: A facade root has not been set. in /home/h67m70wieezo/test.bsmrstu.net/vendor/laravel/framework/src/Illuminate/Support/Facades/Facade.php:258
Stack trace:
#0 /home/h67m70wieezo/test.bsmrstu.net/vendor/laravel/framework/src/Illuminate/Foundation/Exceptions/RegisterErrorViewPaths.php(18): Illuminate\Support\Facades\Facade::__callStatic('replaceNamespac...', Array)
#1 /home/h67m70wieezo/test.bsmrstu.net/vendor/laravel/framework/src/Illuminate/Foundation/Exceptions/Handler.php(598): Illuminate\Foundation\Exceptions\RegisterErrorViewPaths->__invoke()
#2 /home/h67m70wieezo/test.bsmrstu.net/vendor/laravel/framework/src/Illuminate/Foundation/Exceptions/Handler.php(579): Illuminate\Foundation\Exceptions\Handler->registerErrorViewPaths()
#3 /home/h67m70wieezo/test.bsmrstu.net/vendor/laravel/framework/src/Illuminate/Foundation/Exceptions/Handler.php(490): Illuminate\Foundation\Exceptions\Handler->renderHttpException(Object(Symfony\Component\HttpKernel\Exception\HttpException))
#4 /home/h67m70w in /home/h67m70wieezo/test.bsmrstu.net/vendor/laravel/framework/src/Illuminate/Support/Facades/Facade.php on line 258
[21-Dec-2022 19:26:37 UTC] PHP Fatal error:  Uncaught RuntimeException: A facade root has not been set. in /home/h67m70wieezo/test.bsmrstu.net/vendor/laravel/framework/src/Illuminate/Support/Facades/Facade.php:258
Stack trace:
#0 /home/h67m70wieezo/test.bsmrstu.net/vendor/laravel/framework/src/Illuminate/Foundation/Exceptions/RegisterErrorViewPaths.php(18): Illuminate\Support\Facades\Facade::__callStatic('replaceNamespac...', Array)
#1 /home/h67m70wieezo/test.bsmrstu.net/vendor/laravel/framework/src/Illuminate/Foundation/Exceptions/Handler.php(598): Illuminate\Foundation\Exceptions\RegisterErrorViewPaths->__invoke()
#2 /home/h67m70wieezo/test.bsmrstu.net/vendor/laravel/framework/src/Illuminate/Foundation/Exceptions/Handler.php(579): Illuminate\Foundation\Exceptions\Handler->registerErrorViewPaths()
#3 /home/h67m70wieezo/test.bsmrstu.net/vendor/laravel/framework/src/Illuminate/Foundation/Exceptions/Handler.php(490): Illuminate\Foundation\Exceptions\Handler->renderHttpException(Object(Symfony\Component\HttpKernel\Exception\HttpException))
#4 /home/h67m70w in /home/h67m70wieezo/test.bsmrstu.net/vendor/laravel/framework/src/Illuminate/Support/Facades/Facade.php on line 258
[21-Dec-2022 19:26:38 UTC] PHP Fatal error:  Uncaught RuntimeException: A facade root has not been set. in /home/h67m70wieezo/test.bsmrstu.net/vendor/laravel/framework/src/Illuminate/Support/Facades/Facade.php:258
Stack trace:
#0 /home/h67m70wieezo/test.bsmrstu.net/vendor/laravel/framework/src/Illuminate/Foundation/Exceptions/RegisterErrorViewPaths.php(18): Illuminate\Support\Facades\Facade::__callStatic('replaceNamespac...', Array)
#1 /home/h67m70wieezo/test.bsmrstu.net/vendor/laravel/framework/src/Illuminate/Foundation/Exceptions/Handler.php(598): Illuminate\Foundation\Exceptions\RegisterErrorViewPaths->__invoke()
#2 /home/h67m70wieezo/test.bsmrstu.net/vendor/laravel/framework/src/Illuminate/Foundation/Exceptions/Handler.php(579): Illuminate\Foundation\Exceptions\Handler->registerErrorViewPaths()
#3 /home/h67m70wieezo/test.bsmrstu.net/vendor/laravel/framework/src/Illuminate/Foundation/Exceptions/Handler.php(490): Illuminate\Foundation\Exceptions\Handler->renderHttpException(Object(Symfony\Component\HttpKernel\Exception\HttpException))
#4 /home/h67m70w in /home/h67m70wieezo/test.bsmrstu.net/vendor/laravel/framework/src/Illuminate/Support/Facades/Facade.php on line 258
[21-Dec-2022 19:30:08 UTC] PHP Fatal error:  Uncaught RuntimeException: A facade root has not been set. in /home/h67m70wieezo/test.bsmrstu.net/vendor/laravel/framework/src/Illuminate/Support/Facades/Facade.php:258
Stack trace:
#0 /home/h67m70wieezo/test.bsmrstu.net/vendor/laravel/framework/src/Illuminate/Foundation/Exceptions/RegisterErrorViewPaths.php(18): Illuminate\Support\Facades\Facade::__callStatic('replaceNamespac...', Array)
#1 /home/h67m70wieezo/test.bsmrstu.net/vendor/laravel/framework/src/Illuminate/Foundation/Exceptions/Handler.php(598): Illuminate\Foundation\Exceptions\RegisterErrorViewPaths->__invoke()
#2 /home/h67m70wieezo/test.bsmrstu.net/vendor/laravel/framework/src/Illuminate/Foundation/Exceptions/Handler.php(579): Illuminate\Foundation\Exceptions\Handler->registerErrorViewPaths()
#3 /home/h67m70wieezo/test.bsmrstu.net/vendor/laravel/framework/src/Illuminate/Foundation/Exceptions/Handler.php(490): Illuminate\Foundation\Exceptions\Handler->renderHttpException(Object(Symfony\Component\HttpKernel\Exception\HttpException))
#4 /home/h67m70w in /home/h67m70wieezo/test.bsmrstu.net/vendor/laravel/framework/src/Illuminate/Support/Facades/Facade.php on line 258
[21-Dec-2022 19:30:10 UTC] PHP Fatal error:  Uncaught RuntimeException: A facade root has not been set. in /home/h67m70wieezo/test.bsmrstu.net/vendor/laravel/framework/src/Illuminate/Support/Facades/Facade.php:258
Stack trace:
#0 /home/h67m70wieezo/test.bsmrstu.net/vendor/laravel/framework/src/Illuminate/Foundation/Exceptions/RegisterErrorViewPaths.php(18): Illuminate\Support\Facades\Facade::__callStatic('replaceNamespac...', Array)
#1 /home/h67m70wieezo/test.bsmrstu.net/vendor/laravel/framework/src/Illuminate/Foundation/Exceptions/Handler.php(598): Illuminate\Foundation\Exceptions\RegisterErrorViewPaths->__invoke()
#2 /home/h67m70wieezo/test.bsmrstu.net/vendor/laravel/framework/src/Illuminate/Foundation/Exceptions/Handler.php(579): Illuminate\Foundation\Exceptions\Handler->registerErrorViewPaths()
#3 /home/h67m70wieezo/test.bsmrstu.net/vendor/laravel/framework/src/Illuminate/Foundation/Exceptions/Handler.php(490): Illuminate\Foundation\Exceptions\Handler->renderHttpException(Object(Symfony\Component\HttpKernel\Exception\HttpException))
#4 /home/h67m70w in /home/h67m70wieezo/test.bsmrstu.net/vendor/laravel/framework/src/Illuminate/Support/Facades/Facade.php on line 258
[21-Dec-2022 19:30:11 UTC] PHP Fatal error:  Uncaught RuntimeException: A facade root has not been set. in /home/h67m70wieezo/test.bsmrstu.net/vendor/laravel/framework/src/Illuminate/Support/Facades/Facade.php:258
Stack trace:
#0 /home/h67m70wieezo/test.bsmrstu.net/vendor/laravel/framework/src/Illuminate/Foundation/Exceptions/RegisterErrorViewPaths.php(18): Illuminate\Support\Facades\Facade::__callStatic('replaceNamespac...', Array)
#1 /home/h67m70wieezo/test.bsmrstu.net/vendor/laravel/framework/src/Illuminate/Foundation/Exceptions/Handler.php(598): Illuminate\Foundation\Exceptions\RegisterErrorViewPaths->__invoke()
#2 /home/h67m70wieezo/test.bsmrstu.net/vendor/laravel/framework/src/Illuminate/Foundation/Exceptions/Handler.php(579): Illuminate\Foundation\Exceptions\Handler->registerErrorViewPaths()
#3 /home/h67m70wieezo/test.bsmrstu.net/vendor/laravel/framework/src/Illuminate/Foundation/Exceptions/Handler.php(490): Illuminate\Foundation\Exceptions\Handler->renderHttpException(Object(Symfony\Component\HttpKernel\Exception\HttpException))
#4 /home/h67m70w in /home/h67m70wieezo/test.bsmrstu.net/vendor/laravel/framework/src/Illuminate/Support/Facades/Facade.php on line 258
[21-Dec-2022 19:30:12 UTC] PHP Fatal error:  Uncaught RuntimeException: A facade root has not been set. in /home/h67m70wieezo/test.bsmrstu.net/vendor/laravel/framework/src/Illuminate/Support/Facades/Facade.php:258
Stack trace:
#0 /home/h67m70wieezo/test.bsmrstu.net/vendor/laravel/framework/src/Illuminate/Foundation/Exceptions/RegisterErrorViewPaths.php(18): Illuminate\Support\Facades\Facade::__callStatic('replaceNamespac...', Array)
#1 /home/h67m70wieezo/test.bsmrstu.net/vendor/laravel/framework/src/Illuminate/Foundation/Exceptions/Handler.php(598): Illuminate\Foundation\Exceptions\RegisterErrorViewPaths->__invoke()
#2 /home/h67m70wieezo/test.bsmrstu.net/vendor/laravel/framework/src/Illuminate/Foundation/Exceptions/Handler.php(579): Illuminate\Foundation\Exceptions\Handler->registerErrorViewPaths()
#3 /home/h67m70wieezo/test.bsmrstu.net/vendor/laravel/framework/src/Illuminate/Foundation/Exceptions/Handler.php(490): Illuminate\Foundation\Exceptions\Handler->renderHttpException(Object(Symfony\Component\HttpKernel\Exception\HttpException))
#4 /home/h67m70w in /home/h67m70wieezo/test.bsmrstu.net/vendor/laravel/framework/src/Illuminate/Support/Facades/Facade.php on line 258
[21-Dec-2022 19:30:12 UTC] PHP Fatal error:  Uncaught RuntimeException: A facade root has not been set. in /home/h67m70wieezo/test.bsmrstu.net/vendor/laravel/framework/src/Illuminate/Support/Facades/Facade.php:258
Stack trace:
#0 /home/h67m70wieezo/test.bsmrstu.net/vendor/laravel/framework/src/Illuminate/Foundation/Exceptions/RegisterErrorViewPaths.php(18): Illuminate\Support\Facades\Facade::__callStatic('replaceNamespac...', Array)
#1 /home/h67m70wieezo/test.bsmrstu.net/vendor/laravel/framework/src/Illuminate/Foundation/Exceptions/Handler.php(598): Illuminate\Foundation\Exceptions\RegisterErrorViewPaths->__invoke()
#2 /home/h67m70wieezo/test.bsmrstu.net/vendor/laravel/framework/src/Illuminate/Foundation/Exceptions/Handler.php(579): Illuminate\Foundation\Exceptions\Handler->registerErrorViewPaths()
#3 /home/h67m70wieezo/test.bsmrstu.net/vendor/laravel/framework/src/Illuminate/Foundation/Exceptions/Handler.php(490): Illuminate\Foundation\Exceptions\Handler->renderHttpException(Object(Symfony\Component\HttpKernel\Exception\HttpException))
#4 /home/h67m70w in /home/h67m70wieezo/test.bsmrstu.net/vendor/laravel/framework/src/Illuminate/Support/Facades/Facade.php on line 258
[21-Dec-2022 19:30:13 UTC] PHP Fatal error:  Uncaught RuntimeException: A facade root has not been set. in /home/h67m70wieezo/test.bsmrstu.net/vendor/laravel/framework/src/Illuminate/Support/Facades/Facade.php:258
Stack trace:
#0 /home/h67m70wieezo/test.bsmrstu.net/vendor/laravel/framework/src/Illuminate/Foundation/Exceptions/RegisterErrorViewPaths.php(18): Illuminate\Support\Facades\Facade::__callStatic('replaceNamespac...', Array)
#1 /home/h67m70wieezo/test.bsmrstu.net/vendor/laravel/framework/src/Illuminate/Foundation/Exceptions/Handler.php(598): Illuminate\Foundation\Exceptions\RegisterErrorViewPaths->__invoke()
#2 /home/h67m70wieezo/test.bsmrstu.net/vendor/laravel/framework/src/Illuminate/Foundation/Exceptions/Handler.php(579): Illuminate\Foundation\Exceptions\Handler->registerErrorViewPaths()
#3 /home/h67m70wieezo/test.bsmrstu.net/vendor/laravel/framework/src/Illuminate/Foundation/Exceptions/Handler.php(490): Illuminate\Foundation\Exceptions\Handler->renderHttpException(Object(Symfony\Component\HttpKernel\Exception\HttpException))
#4 /home/h67m70w in /home/h67m70wieezo/test.bsmrstu.net/vendor/laravel/framework/src/Illuminate/Support/Facades/Facade.php on line 258
[21-Dec-2022 19:30:14 UTC] PHP Fatal error:  Uncaught RuntimeException: A facade root has not been set. in /home/h67m70wieezo/test.bsmrstu.net/vendor/laravel/framework/src/Illuminate/Support/Facades/Facade.php:258
Stack trace:
#0 /home/h67m70wieezo/test.bsmrstu.net/vendor/laravel/framework/src/Illuminate/Foundation/Exceptions/RegisterErrorViewPaths.php(18): Illuminate\Support\Facades\Facade::__callStatic('replaceNamespac...', Array)
#1 /home/h67m70wieezo/test.bsmrstu.net/vendor/laravel/framework/src/Illuminate/Foundation/Exceptions/Handler.php(598): Illuminate\Foundation\Exceptions\RegisterErrorViewPaths->__invoke()
#2 /home/h67m70wieezo/test.bsmrstu.net/vendor/laravel/framework/src/Illuminate/Foundation/Exceptions/Handler.php(579): Illuminate\Foundation\Exceptions\Handler->registerErrorViewPaths()
#3 /home/h67m70wieezo/test.bsmrstu.net/vendor/laravel/framework/src/Illuminate/Foundation/Exceptions/Handler.php(490): Illuminate\Foundation\Exceptions\Handler->renderHttpException(Object(Symfony\Component\HttpKernel\Exception\HttpException))
#4 /home/h67m70w in /home/h67m70wieezo/test.bsmrstu.net/vendor/laravel/framework/src/Illuminate/Support/Facades/Facade.php on line 258
[21-Dec-2022 19:30:15 UTC] PHP Fatal error:  Uncaught RuntimeException: A facade root has not been set. in /home/h67m70wieezo/test.bsmrstu.net/vendor/laravel/framework/src/Illuminate/Support/Facades/Facade.php:258
Stack trace:
#0 /home/h67m70wieezo/test.bsmrstu.net/vendor/laravel/framework/src/Illuminate/Foundation/Exceptions/RegisterErrorViewPaths.php(18): Illuminate\Support\Facades\Facade::__callStatic('replaceNamespac...', Array)
#1 /home/h67m70wieezo/test.bsmrstu.net/vendor/laravel/framework/src/Illuminate/Foundation/Exceptions/Handler.php(598): Illuminate\Foundation\Exceptions\RegisterErrorViewPaths->__invoke()
#2 /home/h67m70wieezo/test.bsmrstu.net/vendor/laravel/framework/src/Illuminate/Foundation/Exceptions/Handler.php(579): Illuminate\Foundation\Exceptions\Handler->registerErrorViewPaths()
#3 /home/h67m70wieezo/test.bsmrstu.net/vendor/laravel/framework/src/Illuminate/Foundation/Exceptions/Handler.php(490): Illuminate\Foundation\Exceptions\Handler->renderHttpException(Object(Symfony\Component\HttpKernel\Exception\HttpException))
#4 /home/h67m70w in /home/h67m70wieezo/test.bsmrstu.net/vendor/laravel/framework/src/Illuminate/Support/Facades/Facade.php on line 258
[21-Dec-2022 19:30:16 UTC] PHP Fatal error:  Uncaught RuntimeException: A facade root has not been set. in /home/h67m70wieezo/test.bsmrstu.net/vendor/laravel/framework/src/Illuminate/Support/Facades/Facade.php:258
Stack trace:
#0 /home/h67m70wieezo/test.bsmrstu.net/vendor/laravel/framework/src/Illuminate/Foundation/Exceptions/RegisterErrorViewPaths.php(18): Illuminate\Support\Facades\Facade::__callStatic('replaceNamespac...', Array)
#1 /home/h67m70wieezo/test.bsmrstu.net/vendor/laravel/framework/src/Illuminate/Foundation/Exceptions/Handler.php(598): Illuminate\Foundation\Exceptions\RegisterErrorViewPaths->__invoke()
#2 /home/h67m70wieezo/test.bsmrstu.net/vendor/laravel/framework/src/Illuminate/Foundation/Exceptions/Handler.php(579): Illuminate\Foundation\Exceptions\Handler->registerErrorViewPaths()
#3 /home/h67m70wieezo/test.bsmrstu.net/vendor/laravel/framework/src/Illuminate/Foundation/Exceptions/Handler.php(490): Illuminate\Foundation\Exceptions\Handler->renderHttpException(Object(Symfony\Component\HttpKernel\Exception\HttpException))
#4 /home/h67m70w in /home/h67m70wieezo/test.bsmrstu.net/vendor/laravel/framework/src/Illuminate/Support/Facades/Facade.php on line 258
[21-Dec-2022 19:30:16 UTC] PHP Fatal error:  Uncaught RuntimeException: A facade root has not been set. in /home/h67m70wieezo/test.bsmrstu.net/vendor/laravel/framework/src/Illuminate/Support/Facades/Facade.php:258
Stack trace:
#0 /home/h67m70wieezo/test.bsmrstu.net/vendor/laravel/framework/src/Illuminate/Foundation/Exceptions/RegisterErrorViewPaths.php(18): Illuminate\Support\Facades\Facade::__callStatic('replaceNamespac...', Array)
#1 /home/h67m70wieezo/test.bsmrstu.net/vendor/laravel/framework/src/Illuminate/Foundation/Exceptions/Handler.php(598): Illuminate\Foundation\Exceptions\RegisterErrorViewPaths->__invoke()
#2 /home/h67m70wieezo/test.bsmrstu.net/vendor/laravel/framework/src/Illuminate/Foundation/Exceptions/Handler.php(579): Illuminate\Foundation\Exceptions\Handler->registerErrorViewPaths()
#3 /home/h67m70wieezo/test.bsmrstu.net/vendor/laravel/framework/src/Illuminate/Foundation/Exceptions/Handler.php(490): Illuminate\Foundation\Exceptions\Handler->renderHttpException(Object(Symfony\Component\HttpKernel\Exception\HttpException))
#4 /home/h67m70w in /home/h67m70wieezo/test.bsmrstu.net/vendor/laravel/framework/src/Illuminate/Support/Facades/Facade.php on line 258
[21-Dec-2022 19:30:17 UTC] PHP Fatal error:  Uncaught RuntimeException: A facade root has not been set. in /home/h67m70wieezo/test.bsmrstu.net/vendor/laravel/framework/src/Illuminate/Support/Facades/Facade.php:258
Stack trace:
#0 /home/h67m70wieezo/test.bsmrstu.net/vendor/laravel/framework/src/Illuminate/Foundation/Exceptions/RegisterErrorViewPaths.php(18): Illuminate\Support\Facades\Facade::__callStatic('replaceNamespac...', Array)
#1 /home/h67m70wieezo/test.bsmrstu.net/vendor/laravel/framework/src/Illuminate/Foundation/Exceptions/Handler.php(598): Illuminate\Foundation\Exceptions\RegisterErrorViewPaths->__invoke()
#2 /home/h67m70wieezo/test.bsmrstu.net/vendor/laravel/framework/src/Illuminate/Foundation/Exceptions/Handler.php(579): Illuminate\Foundation\Exceptions\Handler->registerErrorViewPaths()
#3 /home/h67m70wieezo/test.bsmrstu.net/vendor/laravel/framework/src/Illuminate/Foundation/Exceptions/Handler.php(490): Illuminate\Foundation\Exceptions\Handler->renderHttpException(Object(Symfony\Component\HttpKernel\Exception\HttpException))
#4 /home/h67m70w in /home/h67m70wieezo/test.bsmrstu.net/vendor/laravel/framework/src/Illuminate/Support/Facades/Facade.php on line 258
[21-Dec-2022 19:30:18 UTC] PHP Fatal error:  Uncaught RuntimeException: A facade root has not been set. in /home/h67m70wieezo/test.bsmrstu.net/vendor/laravel/framework/src/Illuminate/Support/Facades/Facade.php:258
Stack trace:
#0 /home/h67m70wieezo/test.bsmrstu.net/vendor/laravel/framework/src/Illuminate/Foundation/Exceptions/RegisterErrorViewPaths.php(18): Illuminate\Support\Facades\Facade::__callStatic('replaceNamespac...', Array)
#1 /home/h67m70wieezo/test.bsmrstu.net/vendor/laravel/framework/src/Illuminate/Foundation/Exceptions/Handler.php(598): Illuminate\Foundation\Exceptions\RegisterErrorViewPaths->__invoke()
#2 /home/h67m70wieezo/test.bsmrstu.net/vendor/laravel/framework/src/Illuminate/Foundation/Exceptions/Handler.php(579): Illuminate\Foundation\Exceptions\Handler->registerErrorViewPaths()
#3 /home/h67m70wieezo/test.bsmrstu.net/vendor/laravel/framework/src/Illuminate/Foundation/Exceptions/Handler.php(490): Illuminate\Foundation\Exceptions\Handler->renderHttpException(Object(Symfony\Component\HttpKernel\Exception\HttpException))
#4 /home/h67m70w in /home/h67m70wieezo/test.bsmrstu.net/vendor/laravel/framework/src/Illuminate/Support/Facades/Facade.php on line 258
[21-Dec-2022 19:30:19 UTC] PHP Fatal error:  Uncaught RuntimeException: A facade root has not been set. in /home/h67m70wieezo/test.bsmrstu.net/vendor/laravel/framework/src/Illuminate/Support/Facades/Facade.php:258
Stack trace:
#0 /home/h67m70wieezo/test.bsmrstu.net/vendor/laravel/framework/src/Illuminate/Foundation/Exceptions/RegisterErrorViewPaths.php(18): Illuminate\Support\Facades\Facade::__callStatic('replaceNamespac...', Array)
#1 /home/h67m70wieezo/test.bsmrstu.net/vendor/laravel/framework/src/Illuminate/Foundation/Exceptions/Handler.php(598): Illuminate\Foundation\Exceptions\RegisterErrorViewPaths->__invoke()
#2 /home/h67m70wieezo/test.bsmrstu.net/vendor/laravel/framework/src/Illuminate/Foundation/Exceptions/Handler.php(579): Illuminate\Foundation\Exceptions\Handler->registerErrorViewPaths()
#3 /home/h67m70wieezo/test.bsmrstu.net/vendor/laravel/framework/src/Illuminate/Foundation/Exceptions/Handler.php(490): Illuminate\Foundation\Exceptions\Handler->renderHttpException(Object(Symfony\Component\HttpKernel\Exception\HttpException))
#4 /home/h67m70w in /home/h67m70wieezo/test.bsmrstu.net/vendor/laravel/framework/src/Illuminate/Support/Facades/Facade.php on line 258
[21-Dec-2022 19:30:20 UTC] PHP Fatal error:  Uncaught RuntimeException: A facade root has not been set. in /home/h67m70wieezo/test.bsmrstu.net/vendor/laravel/framework/src/Illuminate/Support/Facades/Facade.php:258
Stack trace:
#0 /home/h67m70wieezo/test.bsmrstu.net/vendor/laravel/framework/src/Illuminate/Foundation/Exceptions/RegisterErrorViewPaths.php(18): Illuminate\Support\Facades\Facade::__callStatic('replaceNamespac...', Array)
#1 /home/h67m70wieezo/test.bsmrstu.net/vendor/laravel/framework/src/Illuminate/Foundation/Exceptions/Handler.php(598): Illuminate\Foundation\Exceptions\RegisterErrorViewPaths->__invoke()
#2 /home/h67m70wieezo/test.bsmrstu.net/vendor/laravel/framework/src/Illuminate/Foundation/Exceptions/Handler.php(579): Illuminate\Foundation\Exceptions\Handler->registerErrorViewPaths()
#3 /home/h67m70wieezo/test.bsmrstu.net/vendor/laravel/framework/src/Illuminate/Foundation/Exceptions/Handler.php(490): Illuminate\Foundation\Exceptions\Handler->renderHttpException(Object(Symfony\Component\HttpKernel\Exception\HttpException))
#4 /home/h67m70w in /home/h67m70wieezo/test.bsmrstu.net/vendor/laravel/framework/src/Illuminate/Support/Facades/Facade.php on line 258
[21-Dec-2022 19:30:21 UTC] PHP Fatal error:  Uncaught RuntimeException: A facade root has not been set. in /home/h67m70wieezo/test.bsmrstu.net/vendor/laravel/framework/src/Illuminate/Support/Facades/Facade.php:258
Stack trace:
#0 /home/h67m70wieezo/test.bsmrstu.net/vendor/laravel/framework/src/Illuminate/Foundation/Exceptions/RegisterErrorViewPaths.php(18): Illuminate\Support\Facades\Facade::__callStatic('replaceNamespac...', Array)
#1 /home/h67m70wieezo/test.bsmrstu.net/vendor/laravel/framework/src/Illuminate/Foundation/Exceptions/Handler.php(598): Illuminate\Foundation\Exceptions\RegisterErrorViewPaths->__invoke()
#2 /home/h67m70wieezo/test.bsmrstu.net/vendor/laravel/framework/src/Illuminate/Foundation/Exceptions/Handler.php(579): Illuminate\Foundation\Exceptions\Handler->registerErrorViewPaths()
#3 /home/h67m70wieezo/test.bsmrstu.net/vendor/laravel/framework/src/Illuminate/Foundation/Exceptions/Handler.php(490): Illuminate\Foundation\Exceptions\Handler->renderHttpException(Object(Symfony\Component\HttpKernel\Exception\HttpException))
#4 /home/h67m70w in /home/h67m70wieezo/test.bsmrstu.net/vendor/laravel/framework/src/Illuminate/Support/Facades/Facade.php on line 258
[21-Dec-2022 19:30:22 UTC] PHP Fatal error:  Uncaught RuntimeException: A facade root has not been set. in /home/h67m70wieezo/test.bsmrstu.net/vendor/laravel/framework/src/Illuminate/Support/Facades/Facade.php:258
Stack trace:
#0 /home/h67m70wieezo/test.bsmrstu.net/vendor/laravel/framework/src/Illuminate/Foundation/Exceptions/RegisterErrorViewPaths.php(18): Illuminate\Support\Facades\Facade::__callStatic('replaceNamespac...', Array)
#1 /home/h67m70wieezo/test.bsmrstu.net/vendor/laravel/framework/src/Illuminate/Foundation/Exceptions/Handler.php(598): Illuminate\Foundation\Exceptions\RegisterErrorViewPaths->__invoke()
#2 /home/h67m70wieezo/test.bsmrstu.net/vendor/laravel/framework/src/Illuminate/Foundation/Exceptions/Handler.php(579): Illuminate\Foundation\Exceptions\Handler->registerErrorViewPaths()
#3 /home/h67m70wieezo/test.bsmrstu.net/vendor/laravel/framework/src/Illuminate/Foundation/Exceptions/Handler.php(490): Illuminate\Foundation\Exceptions\Handler->renderHttpException(Object(Symfony\Component\HttpKernel\Exception\HttpException))
#4 /home/h67m70w in /home/h67m70wieezo/test.bsmrstu.net/vendor/laravel/framework/src/Illuminate/Support/Facades/Facade.php on line 258
[21-Dec-2022 19:30:22 UTC] PHP Fatal error:  Uncaught RuntimeException: A facade root has not been set. in /home/h67m70wieezo/test.bsmrstu.net/vendor/laravel/framework/src/Illuminate/Support/Facades/Facade.php:258
Stack trace:
#0 /home/h67m70wieezo/test.bsmrstu.net/vendor/laravel/framework/src/Illuminate/Foundation/Exceptions/RegisterErrorViewPaths.php(18): Illuminate\Support\Facades\Facade::__callStatic('replaceNamespac...', Array)
#1 /home/h67m70wieezo/test.bsmrstu.net/vendor/laravel/framework/src/Illuminate/Foundation/Exceptions/Handler.php(598): Illuminate\Foundation\Exceptions\RegisterErrorViewPaths->__invoke()
#2 /home/h67m70wieezo/test.bsmrstu.net/vendor/laravel/framework/src/Illuminate/Foundation/Exceptions/Handler.php(579): Illuminate\Foundation\Exceptions\Handler->registerErrorViewPaths()
#3 /home/h67m70wieezo/test.bsmrstu.net/vendor/laravel/framework/src/Illuminate/Foundation/Exceptions/Handler.php(490): Illuminate\Foundation\Exceptions\Handler->renderHttpException(Object(Symfony\Component\HttpKernel\Exception\HttpException))
#4 /home/h67m70w in /home/h67m70wieezo/test.bsmrstu.net/vendor/laravel/framework/src/Illuminate/Support/Facades/Facade.php on line 258
[21-Dec-2022 19:30:23 UTC] PHP Fatal error:  Uncaught RuntimeException: A facade root has not been set. in /home/h67m70wieezo/test.bsmrstu.net/vendor/laravel/framework/src/Illuminate/Support/Facades/Facade.php:258
Stack trace:
#0 /home/h67m70wieezo/test.bsmrstu.net/vendor/laravel/framework/src/Illuminate/Foundation/Exceptions/RegisterErrorViewPaths.php(18): Illuminate\Support\Facades\Facade::__callStatic('replaceNamespac...', Array)
#1 /home/h67m70wieezo/test.bsmrstu.net/vendor/laravel/framework/src/Illuminate/Foundation/Exceptions/Handler.php(598): Illuminate\Foundation\Exceptions\RegisterErrorViewPaths->__invoke()
#2 /home/h67m70wieezo/test.bsmrstu.net/vendor/laravel/framework/src/Illuminate/Foundation/Exceptions/Handler.php(579): Illuminate\Foundation\Exceptions\Handler->registerErrorViewPaths()
#3 /home/h67m70wieezo/test.bsmrstu.net/vendor/laravel/framework/src/Illuminate/Foundation/Exceptions/Handler.php(490): Illuminate\Foundation\Exceptions\Handler->renderHttpException(Object(Symfony\Component\HttpKernel\Exception\HttpException))
#4 /home/h67m70w in /home/h67m70wieezo/test.bsmrstu.net/vendor/laravel/framework/src/Illuminate/Support/Facades/Facade.php on line 258
[21-Dec-2022 19:30:24 UTC] PHP Fatal error:  Uncaught RuntimeException: A facade root has not been set. in /home/h67m70wieezo/test.bsmrstu.net/vendor/laravel/framework/src/Illuminate/Support/Facades/Facade.php:258
Stack trace:
#0 /home/h67m70wieezo/test.bsmrstu.net/vendor/laravel/framework/src/Illuminate/Foundation/Exceptions/RegisterErrorViewPaths.php(18): Illuminate\Support\Facades\Facade::__callStatic('replaceNamespac...', Array)
#1 /home/h67m70wieezo/test.bsmrstu.net/vendor/laravel/framework/src/Illuminate/Foundation/Exceptions/Handler.php(598): Illuminate\Foundation\Exceptions\RegisterErrorViewPaths->__invoke()
#2 /home/h67m70wieezo/test.bsmrstu.net/vendor/laravel/framework/src/Illuminate/Foundation/Exceptions/Handler.php(579): Illuminate\Foundation\Exceptions\Handler->registerErrorViewPaths()
#3 /home/h67m70wieezo/test.bsmrstu.net/vendor/laravel/framework/src/Illuminate/Foundation/Exceptions/Handler.php(490): Illuminate\Foundation\Exceptions\Handler->renderHttpException(Object(Symfony\Component\HttpKernel\Exception\HttpException))
#4 /home/h67m70w in /home/h67m70wieezo/test.bsmrstu.net/vendor/laravel/framework/src/Illuminate/Support/Facades/Facade.php on line 258
[21-Dec-2022 19:32:28 UTC] PHP Fatal error:  Uncaught RuntimeException: A facade root has not been set. in /home/h67m70wieezo/test.bsmrstu.net/vendor/laravel/framework/src/Illuminate/Support/Facades/Facade.php:258
Stack trace:
#0 /home/h67m70wieezo/test.bsmrstu.net/vendor/laravel/framework/src/Illuminate/Foundation/Exceptions/RegisterErrorViewPaths.php(18): Illuminate\Support\Facades\Facade::__callStatic('replaceNamespac...', Array)
#1 /home/h67m70wieezo/test.bsmrstu.net/vendor/laravel/framework/src/Illuminate/Foundation/Exceptions/Handler.php(598): Illuminate\Foundation\Exceptions\RegisterErrorViewPaths->__invoke()
#2 /home/h67m70wieezo/test.bsmrstu.net/vendor/laravel/framework/src/Illuminate/Foundation/Exceptions/Handler.php(579): Illuminate\Foundation\Exceptions\Handler->registerErrorViewPaths()
#3 /home/h67m70wieezo/test.bsmrstu.net/vendor/laravel/framework/src/Illuminate/Foundation/Exceptions/Handler.php(490): Illuminate\Foundation\Exceptions\Handler->renderHttpException(Object(Symfony\Component\HttpKernel\Exception\HttpException))
#4 /home/h67m70w in /home/h67m70wieezo/test.bsmrstu.net/vendor/laravel/framework/src/Illuminate/Support/Facades/Facade.php on line 258
[21-Dec-2022 19:32:31 UTC] PHP Fatal error:  Uncaught RuntimeException: A facade root has not been set. in /home/h67m70wieezo/test.bsmrstu.net/vendor/laravel/framework/src/Illuminate/Support/Facades/Facade.php:258
Stack trace:
#0 /home/h67m70wieezo/test.bsmrstu.net/vendor/laravel/framework/src/Illuminate/Foundation/Exceptions/RegisterErrorViewPaths.php(18): Illuminate\Support\Facades\Facade::__callStatic('replaceNamespac...', Array)
#1 /home/h67m70wieezo/test.bsmrstu.net/vendor/laravel/framework/src/Illuminate/Foundation/Exceptions/Handler.php(598): Illuminate\Foundation\Exceptions\RegisterErrorViewPaths->__invoke()
#2 /home/h67m70wieezo/test.bsmrstu.net/vendor/laravel/framework/src/Illuminate/Foundation/Exceptions/Handler.php(579): Illuminate\Foundation\Exceptions\Handler->registerErrorViewPaths()
#3 /home/h67m70wieezo/test.bsmrstu.net/vendor/laravel/framework/src/Illuminate/Foundation/Exceptions/Handler.php(490): Illuminate\Foundation\Exceptions\Handler->renderHttpException(Object(Symfony\Component\HttpKernel\Exception\HttpException))
#4 /home/h67m70w in /home/h67m70wieezo/test.bsmrstu.net/vendor/laravel/framework/src/Illuminate/Support/Facades/Facade.php on line 258
[21-Dec-2022 19:32:33 UTC] PHP Fatal error:  Uncaught RuntimeException: A facade root has not been set. in /home/h67m70wieezo/test.bsmrstu.net/vendor/laravel/framework/src/Illuminate/Support/Facades/Facade.php:258
Stack trace:
#0 /home/h67m70wieezo/test.bsmrstu.net/vendor/laravel/framework/src/Illuminate/Foundation/Exceptions/RegisterErrorViewPaths.php(18): Illuminate\Support\Facades\Facade::__callStatic('replaceNamespac...', Array)
#1 /home/h67m70wieezo/test.bsmrstu.net/vendor/laravel/framework/src/Illuminate/Foundation/Exceptions/Handler.php(598): Illuminate\Foundation\Exceptions\RegisterErrorViewPaths->__invoke()
#2 /home/h67m70wieezo/test.bsmrstu.net/vendor/laravel/framework/src/Illuminate/Foundation/Exceptions/Handler.php(579): Illuminate\Foundation\Exceptions\Handler->registerErrorViewPaths()
#3 /home/h67m70wieezo/test.bsmrstu.net/vendor/laravel/framework/src/Illuminate/Foundation/Exceptions/Handler.php(490): Illuminate\Foundation\Exceptions\Handler->renderHttpException(Object(Symfony\Component\HttpKernel\Exception\HttpException))
#4 /home/h67m70w in /home/h67m70wieezo/test.bsmrstu.net/vendor/laravel/framework/src/Illuminate/Support/Facades/Facade.php on line 258
[21-Dec-2022 19:32:38 UTC] PHP Fatal error:  Uncaught RuntimeException: A facade root has not been set. in /home/h67m70wieezo/test.bsmrstu.net/vendor/laravel/framework/src/Illuminate/Support/Facades/Facade.php:258
Stack trace:
#0 /home/h67m70wieezo/test.bsmrstu.net/vendor/laravel/framework/src/Illuminate/Foundation/Exceptions/RegisterErrorViewPaths.php(18): Illuminate\Support\Facades\Facade::__callStatic('replaceNamespac...', Array)
#1 /home/h67m70wieezo/test.bsmrstu.net/vendor/laravel/framework/src/Illuminate/Foundation/Exceptions/Handler.php(598): Illuminate\Foundation\Exceptions\RegisterErrorViewPaths->__invoke()
#2 /home/h67m70wieezo/test.bsmrstu.net/vendor/laravel/framework/src/Illuminate/Foundation/Exceptions/Handler.php(579): Illuminate\Foundation\Exceptions\Handler->registerErrorViewPaths()
#3 /home/h67m70wieezo/test.bsmrstu.net/vendor/laravel/framework/src/Illuminate/Foundation/Exceptions/Handler.php(490): Illuminate\Foundation\Exceptions\Handler->renderHttpException(Object(Symfony\Component\HttpKernel\Exception\HttpException))
#4 /home/h67m70w in /home/h67m70wieezo/test.bsmrstu.net/vendor/laravel/framework/src/Illuminate/Support/Facades/Facade.php on line 258
[21-Dec-2022 19:36:39 UTC] PHP Fatal error:  Uncaught RuntimeException: A facade root has not been set. in /home/h67m70wieezo/test.bsmrstu.net/vendor/laravel/framework/src/Illuminate/Support/Facades/Facade.php:258
Stack trace:
#0 /home/h67m70wieezo/test.bsmrstu.net/vendor/laravel/framework/src/Illuminate/Foundation/Exceptions/RegisterErrorViewPaths.php(18): Illuminate\Support\Facades\Facade::__callStatic('replaceNamespac...', Array)
#1 /home/h67m70wieezo/test.bsmrstu.net/vendor/laravel/framework/src/Illuminate/Foundation/Exceptions/Handler.php(598): Illuminate\Foundation\Exceptions\RegisterErrorViewPaths->__invoke()
#2 /home/h67m70wieezo/test.bsmrstu.net/vendor/laravel/framework/src/Illuminate/Foundation/Exceptions/Handler.php(579): Illuminate\Foundation\Exceptions\Handler->registerErrorViewPaths()
#3 /home/h67m70wieezo/test.bsmrstu.net/vendor/laravel/framework/src/Illuminate/Foundation/Exceptions/Handler.php(490): Illuminate\Foundation\Exceptions\Handler->renderHttpException(Object(Symfony\Component\HttpKernel\Exception\HttpException))
#4 /home/h67m70w in /home/h67m70wieezo/test.bsmrstu.net/vendor/laravel/framework/src/Illuminate/Support/Facades/Facade.php on line 258
[21-Dec-2022 19:37:12 UTC] PHP Fatal error:  Uncaught RuntimeException: A facade root has not been set. in /home/h67m70wieezo/test.bsmrstu.net/vendor/laravel/framework/src/Illuminate/Support/Facades/Facade.php:258
Stack trace:
#0 /home/h67m70wieezo/test.bsmrstu.net/vendor/laravel/framework/src/Illuminate/Foundation/Exceptions/RegisterErrorViewPaths.php(18): Illuminate\Support\Facades\Facade::__callStatic('replaceNamespac...', Array)
#1 /home/h67m70wieezo/test.bsmrstu.net/vendor/laravel/framework/src/Illuminate/Foundation/Exceptions/Handler.php(598): Illuminate\Foundation\Exceptions\RegisterErrorViewPaths->__invoke()
#2 /home/h67m70wieezo/test.bsmrstu.net/vendor/laravel/framework/src/Illuminate/Foundation/Exceptions/Handler.php(579): Illuminate\Foundation\Exceptions\Handler->registerErrorViewPaths()
#3 /home/h67m70wieezo/test.bsmrstu.net/vendor/laravel/framework/src/Illuminate/Foundation/Exceptions/Handler.php(490): Illuminate\Foundation\Exceptions\Handler->renderHttpException(Object(Symfony\Component\HttpKernel\Exception\HttpException))
#4 /home/h67m70w in /home/h67m70wieezo/test.bsmrstu.net/vendor/laravel/framework/src/Illuminate/Support/Facades/Facade.php on line 258
[21-Dec-2022 19:46:15 UTC] PHP Fatal error:  Uncaught RuntimeException: A facade root has not been set. in /home/h67m70wieezo/test.bsmrstu.net/vendor/laravel/framework/src/Illuminate/Support/Facades/Facade.php:258
Stack trace:
#0 /home/h67m70wieezo/test.bsmrstu.net/vendor/laravel/framework/src/Illuminate/Foundation/Exceptions/RegisterErrorViewPaths.php(18): Illuminate\Support\Facades\Facade::__callStatic('replaceNamespac...', Array)
#1 /home/h67m70wieezo/test.bsmrstu.net/vendor/laravel/framework/src/Illuminate/Foundation/Exceptions/Handler.php(598): Illuminate\Foundation\Exceptions\RegisterErrorViewPaths->__invoke()
#2 /home/h67m70wieezo/test.bsmrstu.net/vendor/laravel/framework/src/Illuminate/Foundation/Exceptions/Handler.php(579): Illuminate\Foundation\Exceptions\Handler->registerErrorViewPaths()
#3 /home/h67m70wieezo/test.bsmrstu.net/vendor/laravel/framework/src/Illuminate/Foundation/Exceptions/Handler.php(490): Illuminate\Foundation\Exceptions\Handler->renderHttpException(Object(Symfony\Component\HttpKernel\Exception\HttpException))
#4 /home/h67m70w in /home/h67m70wieezo/test.bsmrstu.net/vendor/laravel/framework/src/Illuminate/Support/Facades/Facade.php on line 258
[21-Dec-2022 19:55:49 UTC] PHP Fatal error:  Uncaught RuntimeException: A facade root has not been set. in /home/h67m70wieezo/test.bsmrstu.net/vendor/laravel/framework/src/Illuminate/Support/Facades/Facade.php:258
Stack trace:
#0 /home/h67m70wieezo/test.bsmrstu.net/vendor/laravel/framework/src/Illuminate/Foundation/Exceptions/RegisterErrorViewPaths.php(18): Illuminate\Support\Facades\Facade::__callStatic('replaceNamespac...', Array)
#1 /home/h67m70wieezo/test.bsmrstu.net/vendor/laravel/framework/src/Illuminate/Foundation/Exceptions/Handler.php(598): Illuminate\Foundation\Exceptions\RegisterErrorViewPaths->__invoke()
#2 /home/h67m70wieezo/test.bsmrstu.net/vendor/laravel/framework/src/Illuminate/Foundation/Exceptions/Handler.php(579): Illuminate\Foundation\Exceptions\Handler->registerErrorViewPaths()
#3 /home/h67m70wieezo/test.bsmrstu.net/vendor/laravel/framework/src/Illuminate/Foundation/Exceptions/Handler.php(490): Illuminate\Foundation\Exceptions\Handler->renderHttpException(Object(Symfony\Component\HttpKernel\Exception\HttpException))
#4 /home/h67m70w in /home/h67m70wieezo/test.bsmrstu.net/vendor/laravel/framework/src/Illuminate/Support/Facades/Facade.php on line 258
[21-Dec-2022 19:55:50 UTC] PHP Fatal error:  Uncaught RuntimeException: A facade root has not been set. in /home/h67m70wieezo/test.bsmrstu.net/vendor/laravel/framework/src/Illuminate/Support/Facades/Facade.php:258
Stack trace:
#0 /home/h67m70wieezo/test.bsmrstu.net/vendor/laravel/framework/src/Illuminate/Foundation/Exceptions/RegisterErrorViewPaths.php(18): Illuminate\Support\Facades\Facade::__callStatic('replaceNamespac...', Array)
#1 /home/h67m70wieezo/test.bsmrstu.net/vendor/laravel/framework/src/Illuminate/Foundation/Exceptions/Handler.php(598): Illuminate\Foundation\Exceptions\RegisterErrorViewPaths->__invoke()
#2 /home/h67m70wieezo/test.bsmrstu.net/vendor/laravel/framework/src/Illuminate/Foundation/Exceptions/Handler.php(579): Illuminate\Foundation\Exceptions\Handler->registerErrorViewPaths()
#3 /home/h67m70wieezo/test.bsmrstu.net/vendor/laravel/framework/src/Illuminate/Foundation/Exceptions/Handler.php(490): Illuminate\Foundation\Exceptions\Handler->renderHttpException(Object(Symfony\Component\HttpKernel\Exception\HttpException))
#4 /home/h67m70w in /home/h67m70wieezo/test.bsmrstu.net/vendor/laravel/framework/src/Illuminate/Support/Facades/Facade.php on line 258
[21-Dec-2022 20:12:53 UTC] PHP Fatal error:  Uncaught RuntimeException: A facade root has not been set. in /home/h67m70wieezo/test.bsmrstu.net/vendor/laravel/framework/src/Illuminate/Support/Facades/Facade.php:258
Stack trace:
#0 /home/h67m70wieezo/test.bsmrstu.net/vendor/laravel/framework/src/Illuminate/Foundation/Exceptions/RegisterErrorViewPaths.php(18): Illuminate\Support\Facades\Facade::__callStatic('replaceNamespac...', Array)
#1 /home/h67m70wieezo/test.bsmrstu.net/vendor/laravel/framework/src/Illuminate/Foundation/Exceptions/Handler.php(598): Illuminate\Foundation\Exceptions\RegisterErrorViewPaths->__invoke()
#2 /home/h67m70wieezo/test.bsmrstu.net/vendor/laravel/framework/src/Illuminate/Foundation/Exceptions/Handler.php(579): Illuminate\Foundation\Exceptions\Handler->registerErrorViewPaths()
#3 /home/h67m70wieezo/test.bsmrstu.net/vendor/laravel/framework/src/Illuminate/Foundation/Exceptions/Handler.php(490): Illuminate\Foundation\Exceptions\Handler->renderHttpException(Object(Symfony\Component\HttpKernel\Exception\HttpException))
#4 /home/h67m70w in /home/h67m70wieezo/test.bsmrstu.net/vendor/laravel/framework/src/Illuminate/Support/Facades/Facade.php on line 258
[21-Dec-2022 20:12:54 UTC] PHP Fatal error:  Uncaught RuntimeException: A facade root has not been set. in /home/h67m70wieezo/test.bsmrstu.net/vendor/laravel/framework/src/Illuminate/Support/Facades/Facade.php:258
Stack trace:
#0 /home/h67m70wieezo/test.bsmrstu.net/vendor/laravel/framework/src/Illuminate/Foundation/Exceptions/RegisterErrorViewPaths.php(18): Illuminate\Support\Facades\Facade::__callStatic('replaceNamespac...', Array)
#1 /home/h67m70wieezo/test.bsmrstu.net/vendor/laravel/framework/src/Illuminate/Foundation/Exceptions/Handler.php(598): Illuminate\Foundation\Exceptions\RegisterErrorViewPaths->__invoke()
#2 /home/h67m70wieezo/test.bsmrstu.net/vendor/laravel/framework/src/Illuminate/Foundation/Exceptions/Handler.php(579): Illuminate\Foundation\Exceptions\Handler->registerErrorViewPaths()
#3 /home/h67m70wieezo/test.bsmrstu.net/vendor/laravel/framework/src/Illuminate/Foundation/Exceptions/Handler.php(490): Illuminate\Foundation\Exceptions\Handler->renderHttpException(Object(Symfony\Component\HttpKernel\Exception\HttpException))
#4 /home/h67m70w in /home/h67m70wieezo/test.bsmrstu.net/vendor/laravel/framework/src/Illuminate/Support/Facades/Facade.php on line 258
[21-Dec-2022 20:15:44 UTC] PHP Fatal error:  Uncaught RuntimeException: A facade root has not been set. in /home/h67m70wieezo/test.bsmrstu.net/vendor/laravel/framework/src/Illuminate/Support/Facades/Facade.php:258
Stack trace:
#0 /home/h67m70wieezo/test.bsmrstu.net/vendor/laravel/framework/src/Illuminate/Foundation/Exceptions/RegisterErrorViewPaths.php(18): Illuminate\Support\Facades\Facade::__callStatic('replaceNamespac...', Array)
#1 /home/h67m70wieezo/test.bsmrstu.net/vendor/laravel/framework/src/Illuminate/Foundation/Exceptions/Handler.php(598): Illuminate\Foundation\Exceptions\RegisterErrorViewPaths->__invoke()
#2 /home/h67m70wieezo/test.bsmrstu.net/vendor/laravel/framework/src/Illuminate/Foundation/Exceptions/Handler.php(579): Illuminate\Foundation\Exceptions\Handler->registerErrorViewPaths()
#3 /home/h67m70wieezo/test.bsmrstu.net/vendor/laravel/framework/src/Illuminate/Foundation/Exceptions/Handler.php(490): Illuminate\Foundation\Exceptions\Handler->renderHttpException(Object(Symfony\Component\HttpKernel\Exception\HttpException))
#4 /home/h67m70w in /home/h67m70wieezo/test.bsmrstu.net/vendor/laravel/framework/src/Illuminate/Support/Facades/Facade.php on line 258
[21-Dec-2022 20:37:26 UTC] PHP Fatal error:  Uncaught RuntimeException: A facade root has not been set. in /home/h67m70wieezo/test.bsmrstu.net/vendor/laravel/framework/src/Illuminate/Support/Facades/Facade.php:258
Stack trace:
#0 /home/h67m70wieezo/test.bsmrstu.net/vendor/laravel/framework/src/Illuminate/Foundation/Exceptions/RegisterErrorViewPaths.php(18): Illuminate\Support\Facades\Facade::__callStatic('replaceNamespac...', Array)
#1 /home/h67m70wieezo/test.bsmrstu.net/vendor/laravel/framework/src/Illuminate/Foundation/Exceptions/Handler.php(598): Illuminate\Foundation\Exceptions\RegisterErrorViewPaths->__invoke()
#2 /home/h67m70wieezo/test.bsmrstu.net/vendor/laravel/framework/src/Illuminate/Foundation/Exceptions/Handler.php(579): Illuminate\Foundation\Exceptions\Handler->registerErrorViewPaths()
#3 /home/h67m70wieezo/test.bsmrstu.net/vendor/laravel/framework/src/Illuminate/Foundation/Exceptions/Handler.php(490): Illuminate\Foundation\Exceptions\Handler->renderHttpException(Object(Symfony\Component\HttpKernel\Exception\HttpException))
#4 /home/h67m70w in /home/h67m70wieezo/test.bsmrstu.net/vendor/laravel/framework/src/Illuminate/Support/Facades/Facade.php on line 258
[23-Dec-2022 06:53:20 UTC] 9
[23-Dec-2022 08:00:23 UTC] 9
[23-Dec-2022 08:20:18 UTC] 9
[23-Dec-2022 08:21:28 UTC] 9
[23-Dec-2022 08:22:58 UTC] 9
[27-Dec-2022 14:05:51 UTC] 14
[28-Dec-2022 09:54:04 UTC] 14
[20-Jan-2023 14:17:36 UTC] PHP Fatal error:  Cannot use App\Models\Session as Session because the name is already in use in /home/h67m70wieezo/test.bsmrstu.net/app/Http/Controllers/Office/OfficeController.php on line 28
[22-Jan-2023 18:24:14 UTC] PHP Warning:  require(/home/h67m70wieezo/egate.bsmrstu.net/public/../vendor/autoload.php): failed to open stream: No such file or directory in /home/h67m70wieezo/egate.bsmrstu.net/public/index.php on line 34
[22-Jan-2023 18:24:14 UTC] PHP Fatal error:  require(): Failed opening required '/home/h67m70wieezo/egate.bsmrstu.net/public/../vendor/autoload.php' (include_path='.:/opt/alt/php74/usr/share/pear') in /home/h67m70wieezo/egate.bsmrstu.net/public/index.php on line 34
